[0.029s] Invoking command in '/root/ros_canopen/build/socketcan_interface': /usr/bin/cmake /root/ros_canopen/socketcan_interface -DCATKIN_INSTALL_INTO_PREFIX_ROOT=0 -DCMAKE_INSTALL_PREFIX=/root/ros_canopen/install/socketcan_interface
[0.154s] -- The C compiler identification is GNU 9.3.0
[0.263s] -- The CXX compiler identification is GNU 9.3.0
[0.272s] -- Check for working C compiler: /usr/bin/cc
[0.364s] -- Check for working C compiler: /usr/bin/cc -- works
[0.365s] -- Detecting C compiler ABI info
[0.463s] -- Detecting C compiler ABI info - done
[0.497s] -- Detecting C compile features
[0.498s] -- Detecting C compile features - done
[0.508s] -- Check for working CXX compiler: /usr/bin/c++
[0.626s] -- Check for working CXX compiler: /usr/bin/c++ -- works
[0.628s] -- Detecting CXX compiler ABI info
[0.740s] -- Detecting CXX compiler ABI info - done
[0.776s] -- Detecting CXX compile features
[0.776s] -- Detecting CXX compile features - done
[0.780s] CMake Error at CMakeLists.txt:9 (find_package):
[0.780s]   By not providing "Findcatkin.cmake" in CMAKE_MODULE_PATH this project has
[0.781s]   asked CMake to find a package configuration file provided by "catkin", but
[0.781s]   CMake did not find one.
[0.781s] 
[0.781s]   Could not find a package configuration file provided by "catkin" with any
[0.781s]   of the following names:
[0.781s] 
[0.781s]     catkinConfig.cmake
[0.782s]     catkin-config.cmake
[0.782s] 
[0.782s]   Add the installation prefix of "catkin" to CMAKE_PREFIX_PATH or set
[0.782s]   "catkin_DIR" to a directory containing one of the above files.  If "catkin"
[0.782s]   provides a separate development package or SDK, be sure it has been
[0.782s]   installed.
[0.782s] 
[0.783s] 
[0.783s] -- Configuring incomplete, errors occurred!
[0.783s] See also "/root/ros_canopen/build/socketcan_interface/CMakeFiles/CMakeOutput.log".
[0.784s] Invoked command in '/root/ros_canopen/build/socketcan_interface' returned '1': /usr/bin/cmake /root/ros_canopen/socketcan_interface -DCATKIN_INSTALL_INTO_PREFIX_ROOT=0 -DCMAKE_INSTALL_PREFIX=/root/ros_canopen/install/socketcan_interface
