[0.030s] Invoking command in '/root/ros_canopen/build/socketcan_interface': /usr/bin/cmake /root/ros_canopen/socketcan_interface -DCATKIN_INSTALL_INTO_PREFIX_ROOT=0 -DCATKIN_SYMLINK_INSTALL=ON -DCMAKE_INSTALL_PREFIX=/root/ros_canopen/install/socketcan_interface
[0.071s] CMake Error at CMakeLists.txt:9 (find_package):
[0.071s]   By not providing "Findcatkin.cmake" in CMAKE_MODULE_PATH this project has
[0.071s]   asked CMake to find a package configuration file provided by "catkin", but
[0.071s]   CMake did not find one.
[0.071s] 
[0.072s]   Could not find a package configuration file provided by "catkin" with any
[0.072s]   of the following names:
[0.072s] 
[0.072s]     catkinConfig.cmake
[0.072s]     catkin-config.cmake
[0.072s] 
[0.072s]   Add the installation prefix of "catkin" to CMAKE_PREFIX_PATH or set
[0.072s]   "catkin_DIR" to a directory containing one of the above files.  If "catkin"
[0.072s]   provides a separate development package or SDK, be sure it has been
[0.072s]   installed.
[0.073s] 
[0.073s] 
[0.074s] -- Configuring incomplete, errors occurred!
[0.075s] See also "/root/ros_canopen/build/socketcan_interface/CMakeFiles/CMakeOutput.log".
[0.076s] Invoked command in '/root/ros_canopen/build/socketcan_interface' returned '1': /usr/bin/cmake /root/ros_canopen/socketcan_interface -DCATKIN_INSTALL_INTO_PREFIX_ROOT=0 -DCATKIN_SYMLINK_INSTALL=ON -DCMAKE_INSTALL_PREFIX=/root/ros_canopen/install/socketcan_interface
