In file included from [01m[K/root/ros_canopen/build/can_msgs/rosidl_generator_c/can_msgs/msg/detail/frame__functions.h:19[m[K,
                 from [01m[K/root/ros_canopen/build/can_msgs/rosidl_generator_c/can_msgs/msg/detail/frame__functions.c:4[m[K:
[01m[K/root/ros_canopen/build/can_msgs/rosidl_generator_c/can_msgs/msg/detail/frame__struct.h:22:10:[m[K [01;31m[Kfatal error: [m[Kcan_msgs/msg/detail/header__struct.h: No such file or directory
   22 | #include [01;31m[K"can_msgs/msg/detail/header__struct.h"[m[K
      |          [01;31m[K^~~~~~~~~~~~~~~~~~~~~~~~~~~~~~~~~~~~~~[m[K
compilation terminated.
make[2]: *** [CMakeFiles/can_msgs__rosidl_generator_c.dir/build.make:124: CMakeFiles/can_msgs__rosidl_generator_c.dir/rosidl_generator_c/can_msgs/msg/detail/frame__functions.c.o] Error 1
make[1]: *** [CMakeFiles/Makefile2:269: CMakeFiles/can_msgs__rosidl_generator_c.dir/all] Error 2
make[1]: *** Waiting for unfinished jobs....
In file included from [01m[K/root/ros_canopen/build/can_msgs/rosidl_typesupport_fastrtps_cpp/can_msgs/msg/detail/frame__rosidl_typesupport_fastrtps_cpp.hpp:11[m[K,
                 from [01m[K/root/ros_canopen/build/can_msgs/rosidl_typesupport_fastrtps_cpp/can_msgs/msg/detail/dds_fastrtps/frame__type_support.cpp:4[m[K:
[01m[K/root/ros_canopen/build/can_msgs/rosidl_generator_cpp/can_msgs/msg/detail/frame__struct.hpp:19:10:[m[K [01;31m[Kfatal error: [m[Kcan_msgs/msg/detail/header__struct.hpp: No such file or directory
   19 | #include [01;31m[K"can_msgs/msg/detail/header__struct.hpp"[m[K
      |          [01;31m[K^~~~~~~~~~~~~~~~~~~~~~~~~~~~~~~~~~~~~~~~[m[K
In file included from [01m[K/root/ros_canopen/build/can_msgs/rosidl_typesupport_cpp/can_msgs/msg/frame__type_support.cpp:7[m[K:
[01m[K/root/ros_canopen/build/can_msgs/rosidl_generator_cpp/can_msgs/msg/detail/frame__struct.hpp:19:10:[m[K [01;31m[Kfatal error: [m[Kcan_msgs/msg/detail/header__struct.hpp: No such file or directory
   19 | #include [01;31m[K"can_msgs/msg/detail/header__struct.hpp"[m[K
      |          [01;31m[K^~~~~~~~~~~~~~~~~~~~~~~~~~~~~~~~~~~~~~~~[m[K
compilation terminated.
compilation terminated.
make[2]: *** [CMakeFiles/can_msgs__rosidl_typesupport_cpp.dir/build.make:105: CMakeFiles/can_msgs__rosidl_typesupport_cpp.dir/rosidl_typesupport_cpp/can_msgs/msg/frame__type_support.cpp.o] Error 1
make[1]: *** [CMakeFiles/Makefile2:181: CMakeFiles/can_msgs__rosidl_typesupport_cpp.dir/all] Error 2
make[2]: *** [CMakeFiles/can_msgs__rosidl_typesupport_fastrtps_cpp.dir/build.make:110: CMakeFiles/can_msgs__rosidl_typesupport_fastrtps_cpp.dir/rosidl_typesupport_fastrtps_cpp/can_msgs/msg/detail/dds_fastrtps/frame__type_support.cpp.o] Error 1
make[1]: *** [CMakeFiles/Makefile2:442: CMakeFiles/can_msgs__rosidl_typesupport_fastrtps_cpp.dir/all] Error 2
In file included from [01m[K/root/ros_canopen/build/can_msgs/rosidl_typesupport_introspection_cpp/can_msgs/msg/detail/frame__type_support.cpp:12[m[K:
[01m[K/root/ros_canopen/build/can_msgs/rosidl_generator_cpp/can_msgs/msg/detail/frame__struct.hpp:19:10:[m[K [01;31m[Kfatal error: [m[Kcan_msgs/msg/detail/header__struct.hpp: No such file or directory
   19 | #include [01;31m[K"can_msgs/msg/detail/header__struct.hpp"[m[K
      |          [01;31m[K^~~~~~~~~~~~~~~~~~~~~~~~~~~~~~~~~~~~~~~~[m[K
compilation terminated.
make[2]: *** [CMakeFiles/can_msgs__rosidl_typesupport_introspection_cpp.dir/build.make:110: CMakeFiles/can_msgs__rosidl_typesupport_introspection_cpp.dir/rosidl_typesupport_introspection_cpp/can_msgs/msg/detail/frame__type_support.cpp.o] Error 1
make[1]: *** [CMakeFiles/Makefile2:242: CMakeFiles/can_msgs__rosidl_typesupport_introspection_cpp.dir/all] Error 2
make: *** [Makefile:141: all] Error 2
