[0.032s] Invoking command in '/root/ros_canopen/build/socketcan_interface': CMAKE_PREFIX_PATH=/opt/ros/foxy /usr/bin/cmake --build /root/ros_canopen/build/socketcan_interface -- -j4 -l4
[0.077s] -- Found ament_cmake: 0.9.8 (/opt/ros/foxy/share/ament_cmake/cmake)
[0.098s] -- Using PYTHON_EXECUTABLE: /usr/bin/python3
[0.296s] -- Override CMake install command with custom implementation using symlinks instead of copying resources
[0.310s] -- Found rclcpp: 2.3.1 (/opt/ros/foxy/share/rclcpp/cmake)
[0.358s] -- Using all available rosidl_typesupport_c: rosidl_typesupport_fastrtps_c;rosidl_typesupport_introspection_c
[0.364s] -- Found rosidl_adapter: 1.2.1 (/opt/ros/foxy/share/rosidl_adapter/cmake)
[0.492s] -- Using all available rosidl_typesupport_cpp: rosidl_typesupport_fastrtps_cpp;rosidl_typesupport_introspection_cpp
[0.579s] -- Found rmw_implementation_cmake: 1.0.3 (/opt/ros/foxy/share/rmw_implementation_cmake/cmake)
[0.581s] -- Using RMW implementation 'rmw_fastrtps_cpp' as default
[0.835s] -- Found rosidl_default_generators: 1.0.1 (/opt/ros/foxy/share/rosidl_default_generators/cmake)
[0.968s] -- Configuring done
[0.980s] -- Generating done
[0.983s] -- Build files have been written to: /root/ros_canopen/build/socketcan_interface
[1.035s] [ 25%] Built target socketcan_interface_plugin
[1.035s] [ 50%] Built target socketcan_interface_string
[1.067s] [ 87%] [32m[1mLinking CXX executable socketcan_dump[0m
[1.067s] [ 87%] Built target socketcan_bcm
[1.256s] /usr/bin/ld: CMakeFiles/socketcan_dump.dir/src/candump.cpp.o: in function `can::DriverInterface* class_loader::ClassLoader::createRawInstance<can::DriverInterface>(std::__cxx11::basic_string<char, std::char_traits<char>, std::allocator<char> > const&, bool)':
[1.256s] candump.cpp:(.text._ZN12class_loader11ClassLoader17createRawInstanceIN3can15DriverInterfaceEEEPT_RKNSt7__cxx1112basic_stringIcSt11char_traitsIcESaIcEEEb[_ZN12class_loader11ClassLoader17createRawInstanceIN3can15DriverInterfaceEEEPT_RKNSt7__cxx1112basic_stringIcSt11char_traitsIcESaIcEEEb]+0x39): undefined reference to `class_loader::ClassLoader::setUnmanagedInstanceBeenCreated(bool)'
[1.257s] /usr/bin/ld: candump.cpp:(.text._ZN12class_loader11ClassLoader17createRawInstanceIN3can15DriverInterfaceEEEPT_RKNSt7__cxx1112basic_stringIcSt11char_traitsIcESaIcEEEb[_ZN12class_loader11ClassLoader17createRawInstanceIN3can15DriverInterfaceEEEPT_RKNSt7__cxx1112basic_stringIcSt11char_traitsIcESaIcEEEb]+0x44): undefined reference to `class_loader::ClassLoader::hasUnmanagedInstanceBeenCreated()'
[1.257s] /usr/bin/ld: candump.cpp:(.text._ZN12class_loader11ClassLoader17createRawInstanceIN3can15DriverInterfaceEEEPT_RKNSt7__cxx1112basic_stringIcSt11char_traitsIcESaIcEEEb[_ZN12class_loader11ClassLoader17createRawInstanceIN3can15DriverInterfaceEEEPT_RKNSt7__cxx1112basic_stringIcSt11char_traitsIcESaIcEEEb]+0x54): undefined reference to `class_loader::ClassLoader::isOnDemandLoadUnloadEnabled() const'
[1.257s] /usr/bin/ld: candump.cpp:(.text._ZN12class_loader11ClassLoader17createRawInstanceIN3can15DriverInterfaceEEEPT_RKNSt7__cxx1112basic_stringIcSt11char_traitsIcESaIcEEEb[_ZN12class_loader11ClassLoader17createRawInstanceIN3can15DriverInterfaceEEEPT_RKNSt7__cxx1112basic_stringIcSt11char_traitsIcESaIcEEEb]+0x9d): undefined reference to `class_loader::ClassLoader::isLibraryLoaded() const'
[1.257s] /usr/bin/ld: candump.cpp:(.text._ZN12class_loader11ClassLoader17createRawInstanceIN3can15DriverInterfaceEEEPT_RKNSt7__cxx1112basic_stringIcSt11char_traitsIcESaIcEEEb[_ZN12class_loader11ClassLoader17createRawInstanceIN3can15DriverInterfaceEEEPT_RKNSt7__cxx1112basic_stringIcSt11char_traitsIcESaIcEEEb]+0xb0): undefined reference to `class_loader::ClassLoader::loadLibrary()'
[1.257s] /usr/bin/ld: CMakeFiles/socketcan_dump.dir/src/candump.cpp.o: in function `void class_loader::ClassLoader::onPluginDeletion<can::DriverInterface>(can::DriverInterface*)':
[1.257s] candump.cpp:(.text._ZN12class_loader11ClassLoader16onPluginDeletionIN3can15DriverInterfaceEEEvPT_[_ZN12class_loader11ClassLoader16onPluginDeletionIN3can15DriverInterfaceEEEvPT_]+0xd5): undefined reference to `class_loader::ClassLoader::isOnDemandLoadUnloadEnabled() const'
[1.257s] /usr/bin/ld: candump.cpp:(.text._ZN12class_loader11ClassLoader16onPluginDeletionIN3can15DriverInterfaceEEEvPT_[_ZN12class_loader11ClassLoader16onPluginDeletionIN3can15DriverInterfaceEEEvPT_]+0xee): undefined reference to `class_loader::ClassLoader::hasUnmanagedInstanceBeenCreated()'
[1.258s] /usr/bin/ld: candump.cpp:(.text._ZN12class_loader11ClassLoader16onPluginDeletionIN3can15DriverInterfaceEEEvPT_[_ZN12class_loader11ClassLoader16onPluginDeletionIN3can15DriverInterfaceEEEvPT_]+0x106): undefined reference to `class_loader::ClassLoader::unloadLibraryInternal(bool)'
[1.258s] /usr/bin/ld: candump.cpp:(.text._ZN12class_loader11ClassLoader16onPluginDeletionIN3can15DriverInterfaceEEEvPT_[_ZN12class_loader11ClassLoader16onPluginDeletionIN3can15DriverInterfaceEEEvPT_]+0x114): undefined reference to `class_loader::ClassLoader::getLibraryPath[abi:cxx11]() const'
[1.258s] /usr/bin/ld: CMakeFiles/socketcan_dump.dir/src/candump.cpp.o: in function `can::DriverInterface* class_loader::impl::createInstance<can::DriverInterface>(std::__cxx11::basic_string<char, std::char_traits<char>, std::allocator<char> > const&, class_loader::ClassLoader*)':
[1.258s] candump.cpp:(.text._ZN12class_loader4impl14createInstanceIN3can15DriverInterfaceEEEPT_RKNSt7__cxx1112basic_stringIcSt11char_traitsIcESaIcEEEPNS_11ClassLoaderE[_ZN12class_loader4impl14createInstanceIN3can15DriverInterfaceEEEPT_RKNSt7__cxx1112basic_stringIcSt11char_traitsIcESaIcEEEPNS_11ClassLoaderE]+0x2f): undefined reference to `class_loader::impl::getPluginBaseToFactoryMapMapMutex()'
[1.258s] /usr/bin/ld: candump.cpp:(.text._ZN12class_loader4impl14createInstanceIN3can15DriverInterfaceEEEPT_RKNSt7__cxx1112basic_stringIcSt11char_traitsIcESaIcEEEPNS_11ClassLoaderE[_ZN12class_loader4impl14createInstanceIN3can15DriverInterfaceEEEPT_RKNSt7__cxx1112basic_stringIcSt11char_traitsIcESaIcEEEPNS_11ClassLoaderE]+0xf7): undefined reference to `class_loader::impl::getPluginBaseToFactoryMapMapMutex()'
[1.258s] /usr/bin/ld: candump.cpp:(.text._ZN12class_loader4impl14createInstanceIN3can15DriverInterfaceEEEPT_RKNSt7__cxx1112basic_stringIcSt11char_traitsIcESaIcEEEPNS_11ClassLoaderE[_ZN12class_loader4impl14createInstanceIN3can15DriverInterfaceEEEPT_RKNSt7__cxx1112basic_stringIcSt11char_traitsIcESaIcEEEPNS_11ClassLoaderE]+0x121): undefined reference to `class_loader::impl::AbstractMetaObjectBase::isOwnedBy(class_loader::ClassLoader const*) const'
[1.258s] /usr/bin/ld: candump.cpp:(.text._ZN12class_loader4impl14createInstanceIN3can15DriverInterfaceEEEPT_RKNSt7__cxx1112basic_stringIcSt11char_traitsIcESaIcEEEPNS_11ClassLoaderE[_ZN12class_loader4impl14createInstanceIN3can15DriverInterfaceEEEPT_RKNSt7__cxx1112basic_stringIcSt11char_traitsIcESaIcEEEPNS_11ClassLoaderE]+0x173): undefined reference to `class_loader::impl::AbstractMetaObjectBase::isOwnedBy(class_loader::ClassLoader const*) const'
[1.259s] /usr/bin/ld: CMakeFiles/socketcan_dump.dir/src/candump.cpp.o: in function `std::map<std::__cxx11::basic_string<char, std::char_traits<char>, std::allocator<char> >, class_loader::impl::AbstractMetaObjectBase*, std::less<std::__cxx11::basic_string<char, std::char_traits<char>, std::allocator<char> > >, std::allocator<std::pair<std::__cxx11::basic_string<char, std::char_traits<char>, std::allocator<char> > const, class_loader::impl::AbstractMetaObjectBase*> > >& class_loader::impl::getFactoryMapForBaseClass<can::DriverInterface>()':
[1.259s] candump.cpp:(.text._ZN12class_loader4impl25getFactoryMapForBaseClassIN3can15DriverInterfaceEEERSt3mapINSt7__cxx1112basic_stringIcSt11char_traitsIcESaIcEEEPNS0_22AbstractMetaObjectBaseESt4lessISA_ESaISt4pairIKSA_SC_EEEv[_ZN12class_loader4impl25getFactoryMapForBaseClassIN3can15DriverInterfaceEEERSt3mapINSt7__cxx1112basic_stringIcSt11char_traitsIcESaIcEEEPNS0_22AbstractMetaObjectBaseESt4lessISA_ESaISt4pairIKSA_SC_EEEv]+0x52): undefined reference to `class_loader::impl::getFactoryMapForBaseClass(std::__cxx11::basic_string<char, std::char_traits<char>, std::allocator<char> > const&)'
[1.259s] /usr/bin/ld: CMakeFiles/socketcan_dump.dir/src/candump.cpp.o: in function `void __gnu_cxx::new_allocator<class_loader::ClassLoader>::construct<class_loader::ClassLoader, char*&>(class_loader::ClassLoader*, char*&)':
[1.259s] candump.cpp:(.text._ZN9__gnu_cxx13new_allocatorIN12class_loader11ClassLoaderEE9constructIS2_JRPcEEEvPT_DpOT0_[_ZN9__gnu_cxx13new_allocatorIN12class_loader11ClassLoaderEE9constructIS2_JRPcEEEvPT_DpOT0_]+0x7e): undefined reference to `class_loader::ClassLoader::ClassLoader(std::__cxx11::basic_string<char, std::char_traits<char>, std::allocator<char> > const&, bool)'
[1.259s] collect2: error: ld returned 1 exit status
[1.259s] make[2]: *** [CMakeFiles/socketcan_dump.dir/build.make:90: socketcan_dump] Error 1
[1.259s] make[1]: *** [CMakeFiles/Makefile2:111: CMakeFiles/socketcan_dump.dir/all] Error 2
[1.260s] make: *** [Makefile:141: all] Error 2
[1.262s] Invoked command in '/root/ros_canopen/build/socketcan_interface' returned '2': CMAKE_PREFIX_PATH=/opt/ros/foxy /usr/bin/cmake --build /root/ros_canopen/build/socketcan_interface -- -j4 -l4
