[0.027s] Invoking command in '/root/ros_canopen/build/can_msgs': CMAKE_PREFIX_PATH=/opt/ros/foxy /usr/bin/cmake --build /root/ros_canopen/build/can_msgs -- -j4 -l4
[0.068s] -- Found ament_cmake: 0.9.8 (/opt/ros/foxy/share/ament_cmake/cmake)
[0.092s] -- Found PythonInterp: /usr/bin/python3 (found suitable version "3.8.5", minimum required is "3") 
[0.092s] -- Using PYTHON_EXECUTABLE: /usr/bin/python3
[0.291s] -- Override CMake install command with custom implementation using symlinks instead of copying resources
[0.306s] -- Found rclcpp: 2.3.1 (/opt/ros/foxy/share/rclcpp/cmake)
[0.354s] -- Using all available rosidl_typesupport_c: rosidl_typesupport_fastrtps_c;rosidl_typesupport_introspection_c
[0.360s] -- Found rosidl_adapter: 1.2.1 (/opt/ros/foxy/share/rosidl_adapter/cmake)
[0.501s] -- Using all available rosidl_typesupport_cpp: rosidl_typesupport_fastrtps_cpp;rosidl_typesupport_introspection_cpp
[0.583s] -- Found rmw_implementation_cmake: 1.0.3 (/opt/ros/foxy/share/rmw_implementation_cmake/cmake)
[0.585s] -- Using RMW implementation 'rmw_fastrtps_cpp' as default
[0.829s] -- Found rosidl_default_generators: 1.0.1 (/opt/ros/foxy/share/rosidl_default_generators/cmake)
[0.871s] -- Found PythonInterp: /usr/bin/python3 (found version "3.8.5") 
[1.149s] -- Found ament_cmake_ros: 0.9.1 (/opt/ros/foxy/share/ament_cmake_ros/cmake)
[1.443s] -- Using all available rosidl_typesupport_c: rosidl_typesupport_fastrtps_c;rosidl_typesupport_introspection_c
[1.551s] -- Using all available rosidl_typesupport_cpp: rosidl_typesupport_fastrtps_cpp;rosidl_typesupport_introspection_cpp
[1.574s] -- Found PythonInterp: /usr/bin/python3 (found suitable version "3.8.5", minimum required is "3.5") 
[1.574s] -- Found python_cmake_module: 0.8.1 (/opt/ros/foxy/share/python_cmake_module/cmake)
[1.598s] -- Using PYTHON_EXECUTABLE: /usr/bin/python3
[1.599s] -- Using PYTHON_INCLUDE_DIRS: /usr/include/python3.8
[1.599s] -- Using PYTHON_LIBRARIES: /usr/lib/x86_64-linux-gnu/libpython3.8.so
[1.672s] -- Configuring done
[1.743s] -- Generating done
[1.748s] -- Build files have been written to: /root/ros_canopen/build/can_msgs
[1.773s] [  3%] [34m[1mGenerating C code for ROS interfaces[0m
[1.774s] [35m[1mScanning dependencies of target can_msgs__cpp[0m
[1.786s] [  6%] [34m[1mGenerating C++ code for ROS interfaces[0m
[2.269s] [35m[1mScanning dependencies of target can_msgs__rosidl_generator_c[0m
[2.271s] [  6%] Built target can_msgs__cpp
[2.288s] [  9%] [34m[1mGenerating C++ type support for eProsima Fast-RTPS[0m
[2.288s] [ 16%] [32mBuilding C object CMakeFiles/can_msgs__rosidl_generator_c.dir/rosidl_generator_c/can_msgs/msg/detail/frame__functions.c.o[0m
[2.288s] [ 16%] [34m[1mGenerating C++ introspection for ROS interfaces[0m
[2.289s] [ 19%] [34m[1mGenerating C++ type support dispatch for ROS interfaces[0m
[2.324s] In file included from [01m[K/root/ros_canopen/build/can_msgs/rosidl_generator_c/can_msgs/msg/detail/frame__functions.h:19[m[K,
[2.324s]                  from [01m[K/root/ros_canopen/build/can_msgs/rosidl_generator_c/can_msgs/msg/detail/frame__functions.c:4[m[K:
[2.324s] [01m[K/root/ros_canopen/build/can_msgs/rosidl_generator_c/can_msgs/msg/detail/frame__struct.h:22:10:[m[K [01;31m[Kfatal error: [m[Kcan_msgs/msg/detail/header__struct.h: No such file or directory
[2.325s]    22 | #include [01;31m[K"can_msgs/msg/detail/header__struct.h"[m[K
[2.325s]       |          [01;31m[K^~~~~~~~~~~~~~~~~~~~~~~~~~~~~~~~~~~~~~[m[K
[2.325s] compilation terminated.
[2.327s] make[2]: *** [CMakeFiles/can_msgs__rosidl_generator_c.dir/build.make:124: CMakeFiles/can_msgs__rosidl_generator_c.dir/rosidl_generator_c/can_msgs/msg/detail/frame__functions.c.o] Error 1
[2.327s] make[1]: *** [CMakeFiles/Makefile2:269: CMakeFiles/can_msgs__rosidl_generator_c.dir/all] Error 2
[2.327s] make[1]: *** Waiting for unfinished jobs....
[2.777s] [35m[1mScanning dependencies of target can_msgs__rosidl_typesupport_cpp[0m
[2.802s] [ 22%] [32mBuilding CXX object CMakeFiles/can_msgs__rosidl_typesupport_cpp.dir/rosidl_typesupport_cpp/can_msgs/msg/frame__type_support.cpp.o[0m
[2.836s] [35m[1mScanning dependencies of target can_msgs__rosidl_typesupport_introspection_cpp[0m
[2.839s] [35m[1mScanning dependencies of target can_msgs__rosidl_typesupport_fastrtps_cpp[0m
[2.854s] [ 25%] [32mBuilding CXX object CMakeFiles/can_msgs__rosidl_typesupport_introspection_cpp.dir/rosidl_typesupport_introspection_cpp/can_msgs/msg/detail/frame__type_support.cpp.o[0m
[2.864s] [ 29%] [32mBuilding CXX object CMakeFiles/can_msgs__rosidl_typesupport_fastrtps_cpp.dir/rosidl_typesupport_fastrtps_cpp/can_msgs/msg/detail/dds_fastrtps/frame__type_support.cpp.o[0m
[2.910s] In file included from [01m[K/root/ros_canopen/build/can_msgs/rosidl_typesupport_cpp/can_msgs/msg/frame__type_support.cpp:7[m[K:
[2.910s] [01m[K/root/ros_canopen/build/can_msgs/rosidl_generator_cpp/can_msgs/msg/detail/frame__struct.hpp:19:10:[m[K [01;31m[Kfatal error: [m[Kcan_msgs/msg/detail/header__struct.hpp: No such file or directory
[2.910s]    19 | #include [01;31m[K"can_msgs/msg/detail/header__struct.hpp"[m[K
[2.910s]       |          [01;31m[K^~~~~~~~~~~~~~~~~~~~~~~~~~~~~~~~~~~~~~~~[m[K
[2.910s] compilation terminated.
[2.914s] make[2]: *** [CMakeFiles/can_msgs__rosidl_typesupport_cpp.dir/build.make:105: CMakeFiles/can_msgs__rosidl_typesupport_cpp.dir/rosidl_typesupport_cpp/can_msgs/msg/frame__type_support.cpp.o] Error 1
[2.914s] make[1]: *** [CMakeFiles/Makefile2:181: CMakeFiles/can_msgs__rosidl_typesupport_cpp.dir/all] Error 2
[2.938s] In file included from [01m[K/root/ros_canopen/build/can_msgs/rosidl_typesupport_introspection_cpp/can_msgs/msg/detail/frame__type_support.cpp:12[m[K:
[2.938s] [01m[K/root/ros_canopen/build/can_msgs/rosidl_generator_cpp/can_msgs/msg/detail/frame__struct.hpp:19:10:[m[K [01;31m[Kfatal error: [m[Kcan_msgs/msg/detail/header__struct.hpp: No such file or directory
[2.938s]    19 | #include [01;31m[K"can_msgs/msg/detail/header__struct.hpp"[m[K
[2.938s]       |          [01;31m[K^~~~~~~~~~~~~~~~~~~~~~~~~~~~~~~~~~~~~~~~[m[K
[2.938s] compilation terminated.
[2.939s] make[2]: *** [CMakeFiles/can_msgs__rosidl_typesupport_introspection_cpp.dir/build.make:110: CMakeFiles/can_msgs__rosidl_typesupport_introspection_cpp.dir/rosidl_typesupport_introspection_cpp/can_msgs/msg/detail/frame__type_support.cpp.o] Error 1
[2.940s] make[1]: *** [CMakeFiles/Makefile2:242: CMakeFiles/can_msgs__rosidl_typesupport_introspection_cpp.dir/all] Error 2
[2.952s] In file included from [01m[K/root/ros_canopen/build/can_msgs/rosidl_typesupport_fastrtps_cpp/can_msgs/msg/detail/frame__rosidl_typesupport_fastrtps_cpp.hpp:11[m[K,
[2.952s]                  from [01m[K/root/ros_canopen/build/can_msgs/rosidl_typesupport_fastrtps_cpp/can_msgs/msg/detail/dds_fastrtps/frame__type_support.cpp:4[m[K:
[2.952s] [01m[K/root/ros_canopen/build/can_msgs/rosidl_generator_cpp/can_msgs/msg/detail/frame__struct.hpp:19:10:[m[K [01;31m[Kfatal error: [m[Kcan_msgs/msg/detail/header__struct.hpp: No such file or directory
[2.953s]    19 | #include [01;31m[K"can_msgs/msg/detail/header__struct.hpp"[m[K
[2.953s]       |          [01;31m[K^~~~~~~~~~~~~~~~~~~~~~~~~~~~~~~~~~~~~~~~[m[K
[2.953s] compilation terminated.
[2.954s] make[2]: *** [CMakeFiles/can_msgs__rosidl_typesupport_fastrtps_cpp.dir/build.make:110: CMakeFiles/can_msgs__rosidl_typesupport_fastrtps_cpp.dir/rosidl_typesupport_fastrtps_cpp/can_msgs/msg/detail/dds_fastrtps/frame__type_support.cpp.o] Error 1
[2.954s] make[1]: *** [CMakeFiles/Makefile2:442: CMakeFiles/can_msgs__rosidl_typesupport_fastrtps_cpp.dir/all] Error 2
[2.954s] make: *** [Makefile:141: all] Error 2
